desc: --stacks=yes --time-unit=ms --massif-out-file=massif.out
cmd: ./test_insert
time_unit: ms
#-----------
snapshot=0
#-----------
time=0
mem_heap_B=0
mem_heap_extra_B=0
mem_stacks_B=0
heap_tree=empty
#-----------
snapshot=1
#-----------
time=1
mem_heap_B=0
mem_heap_extra_B=0
mem_stacks_B=112
heap_tree=empty
#-----------
snapshot=2
#-----------
time=2
mem_heap_B=0
mem_heap_extra_B=0
mem_stacks_B=288
heap_tree=empty
#-----------
snapshot=3
#-----------
time=3
mem_heap_B=0
mem_heap_extra_B=0
mem_stacks_B=288
heap_tree=empty
#-----------
snapshot=4
#-----------
time=4
mem_heap_B=0
mem_heap_extra_B=0
mem_stacks_B=912
heap_tree=empty
#-----------
snapshot=5
#-----------
time=5
mem_heap_B=0
mem_heap_extra_B=0
mem_stacks_B=800
heap_tree=empty
#-----------
snapshot=6
#-----------
time=6
mem_heap_B=0
mem_heap_extra_B=0
mem_stacks_B=800
heap_tree=empty
#-----------
snapshot=7
#-----------
time=7
mem_heap_B=0
mem_heap_extra_B=0
mem_stacks_B=1152
heap_tree=empty
#-----------
snapshot=8
#-----------
time=8
mem_heap_B=0
mem_heap_extra_B=0
mem_stacks_B=896
heap_tree=empty
#-----------
snapshot=9
#-----------
time=9
mem_heap_B=0
mem_heap_extra_B=0
mem_stacks_B=1472
heap_tree=empty
#-----------
snapshot=10
#-----------
time=10
mem_heap_B=0
mem_heap_extra_B=0
mem_stacks_B=1480
heap_tree=empty
#-----------
snapshot=11
#-----------
time=11
mem_heap_B=0
mem_heap_extra_B=0
mem_stacks_B=5376
heap_tree=empty
#-----------
snapshot=12
#-----------
time=12
mem_heap_B=0
mem_heap_extra_B=0
mem_stacks_B=6496
heap_tree=empty
#-----------
snapshot=13
#-----------
time=13
mem_heap_B=0
mem_heap_extra_B=0
mem_stacks_B=6784
heap_tree=empty
#-----------
snapshot=14
#-----------
time=14
mem_heap_B=0
mem_heap_extra_B=0
mem_stacks_B=7392
heap_tree=peak
n0: 0 (heap allocation functions) malloc/new/new[], --alloc-fns, etc.
#-----------
snapshot=15
#-----------
time=15
mem_heap_B=0
mem_heap_extra_B=0
mem_stacks_B=6816
heap_tree=empty
#-----------
snapshot=16
#-----------
time=16
mem_heap_B=0
mem_heap_extra_B=0
mem_stacks_B=7320
heap_tree=empty
#-----------
snapshot=17
#-----------
time=17
mem_heap_B=0
mem_heap_extra_B=0
mem_stacks_B=3552
heap_tree=detailed
n0: 0 (heap allocation functions) malloc/new/new[], --alloc-fns, etc.
#-----------
snapshot=18
#-----------
time=18
mem_heap_B=0
mem_heap_extra_B=0
mem_stacks_B=4008
heap_tree=empty
#-----------
snapshot=19
#-----------
time=19
mem_heap_B=0
mem_heap_extra_B=0
mem_stacks_B=3872
heap_tree=detailed
n0: 0 (heap allocation functions) malloc/new/new[], --alloc-fns, etc.
#-----------
snapshot=20
#-----------
time=20
mem_heap_B=0
mem_heap_extra_B=0
mem_stacks_B=3552
heap_tree=empty
#-----------
snapshot=21
#-----------
time=21
mem_heap_B=0
mem_heap_extra_B=0
mem_stacks_B=5536
heap_tree=empty
#-----------
snapshot=22
#-----------
time=22
mem_heap_B=0
mem_heap_extra_B=0
mem_stacks_B=5432
heap_tree=empty
#-----------
snapshot=23
#-----------
time=197
mem_heap_B=0
mem_heap_extra_B=0
mem_stacks_B=5424
heap_tree=empty
#-----------
snapshot=24
#-----------
time=198
mem_heap_B=0
mem_heap_extra_B=0
mem_stacks_B=2504
heap_tree=empty
#-----------
snapshot=25
#-----------
time=199
mem_heap_B=0
mem_heap_extra_B=0
mem_stacks_B=1160
heap_tree=empty
#-----------
snapshot=26
#-----------
time=200
mem_heap_B=0
mem_heap_extra_B=0
mem_stacks_B=848
heap_tree=empty
#-----------
snapshot=27
#-----------
time=201
mem_heap_B=0
mem_heap_extra_B=0
mem_stacks_B=1104
heap_tree=empty
#-----------
snapshot=28
#-----------
time=202
mem_heap_B=0
mem_heap_extra_B=0
mem_stacks_B=1584
heap_tree=detailed
n0: 0 (heap allocation functions) malloc/new/new[], --alloc-fns, etc.
#-----------
snapshot=29
#-----------
time=203
mem_heap_B=0
mem_heap_extra_B=0
mem_stacks_B=1584
heap_tree=empty
#-----------
snapshot=30
#-----------
time=204
mem_heap_B=0
mem_heap_extra_B=0
mem_stacks_B=1160
heap_tree=detailed
n0: 0 (heap allocation functions) malloc/new/new[], --alloc-fns, etc.
#-----------
snapshot=31
#-----------
time=205
mem_heap_B=0
mem_heap_extra_B=0
mem_stacks_B=1104
heap_tree=empty
#-----------
snapshot=32
#-----------
time=206
mem_heap_B=0
mem_heap_extra_B=0
mem_stacks_B=1104
heap_tree=empty
#-----------
snapshot=33
#-----------
time=207
mem_heap_B=0
mem_heap_extra_B=0
mem_stacks_B=1160
heap_tree=empty
#-----------
snapshot=34
#-----------
time=208
mem_heap_B=0
mem_heap_extra_B=0
mem_stacks_B=1688
heap_tree=empty
#-----------
snapshot=35
#-----------
time=209
mem_heap_B=0
mem_heap_extra_B=0
mem_stacks_B=1104
heap_tree=empty
#-----------
snapshot=36
#-----------
time=210
mem_heap_B=0
mem_heap_extra_B=0
mem_stacks_B=184
heap_tree=empty
#-----------
snapshot=37
#-----------
time=211
mem_heap_B=0
mem_heap_extra_B=0
mem_stacks_B=192
heap_tree=empty
#-----------
snapshot=38
#-----------
time=212
mem_heap_B=0
mem_heap_extra_B=0
mem_stacks_B=0
heap_tree=empty
#-----------
snapshot=39
#-----------
time=213
mem_heap_B=0
mem_heap_extra_B=0
mem_stacks_B=672
heap_tree=empty
#-----------
snapshot=40
#-----------
time=214
mem_heap_B=0
mem_heap_extra_B=0
mem_stacks_B=656
heap_tree=empty
#-----------
snapshot=41
#-----------
time=215
mem_heap_B=1024
mem_heap_extra_B=8
mem_stacks_B=424
heap_tree=empty
#-----------
snapshot=42
#-----------
time=216
mem_heap_B=1024
mem_heap_extra_B=8
mem_stacks_B=464
heap_tree=empty
#-----------
snapshot=43
#-----------
time=217
mem_heap_B=1024
mem_heap_extra_B=8
mem_stacks_B=576
heap_tree=empty
#-----------
snapshot=44
#-----------
time=218
mem_heap_B=1024
mem_heap_extra_B=8
mem_stacks_B=440
heap_tree=empty
#-----------
snapshot=45
#-----------
time=219
mem_heap_B=1024
mem_heap_extra_B=8
mem_stacks_B=456
heap_tree=empty
#-----------
snapshot=46
#-----------
time=220
mem_heap_B=1024
mem_heap_extra_B=8
mem_stacks_B=448
heap_tree=empty
#-----------
snapshot=47
#-----------
time=220
mem_heap_B=0
mem_heap_extra_B=0
mem_stacks_B=456
heap_tree=empty
#-----------
snapshot=48
#-----------
time=221
mem_heap_B=0
mem_heap_extra_B=0
mem_stacks_B=472
heap_tree=empty
#-----------
snapshot=49
#-----------
time=221
mem_heap_B=0
mem_heap_extra_B=0
mem_stacks_B=464
heap_tree=empty
#-----------
snapshot=50
#-----------
time=221
mem_heap_B=0
mem_heap_extra_B=0
mem_stacks_B=456
heap_tree=empty
#-----------
snapshot=51
#-----------
time=221
mem_heap_B=0
mem_heap_extra_B=0
mem_stacks_B=448
heap_tree=empty
#-----------
snapshot=52
#-----------
time=221
mem_heap_B=0
mem_heap_extra_B=0
mem_stacks_B=456
heap_tree=empty
#-----------
snapshot=53
#-----------
time=221
mem_heap_B=0
mem_heap_extra_B=0
mem_stacks_B=464
heap_tree=empty
#-----------
snapshot=54
#-----------
time=221
mem_heap_B=0
mem_heap_extra_B=0
mem_stacks_B=528
heap_tree=detailed
n1: 0 (heap allocation functions) malloc/new/new[], --alloc-fns, etc.
 n0: 0 in 1 place, below massif's threshold (1.00%)
#-----------
snapshot=55
#-----------
time=221
mem_heap_B=0
mem_heap_extra_B=0
mem_stacks_B=464
heap_tree=empty
#-----------
snapshot=56
#-----------
time=221
mem_heap_B=0
mem_heap_extra_B=0
mem_stacks_B=456
heap_tree=empty
#-----------
snapshot=57
#-----------
time=221
mem_heap_B=0
mem_heap_extra_B=0
mem_stacks_B=448
heap_tree=empty
#-----------
snapshot=58
#-----------
time=221
mem_heap_B=0
mem_heap_extra_B=0
mem_stacks_B=456
heap_tree=empty
#-----------
snapshot=59
#-----------
time=221
mem_heap_B=0
mem_heap_extra_B=0
mem_stacks_B=464
heap_tree=empty
#-----------
snapshot=60
#-----------
time=221
mem_heap_B=0
mem_heap_extra_B=0
mem_stacks_B=528
heap_tree=empty
#-----------
snapshot=61
#-----------
time=221
mem_heap_B=0
mem_heap_extra_B=0
mem_stacks_B=464
heap_tree=empty
#-----------
snapshot=62
#-----------
time=221
mem_heap_B=0
mem_heap_extra_B=0
mem_stacks_B=456
heap_tree=empty
#-----------
snapshot=63
#-----------
time=221
mem_heap_B=0
mem_heap_extra_B=0
mem_stacks_B=448
heap_tree=empty
#-----------
snapshot=64
#-----------
time=221
mem_heap_B=0
mem_heap_extra_B=0
mem_stacks_B=456
heap_tree=detailed
n1: 0 (heap allocation functions) malloc/new/new[], --alloc-fns, etc.
 n0: 0 in 1 place, below massif's threshold (1.00%)
#-----------
snapshot=65
#-----------
time=221
mem_heap_B=0
mem_heap_extra_B=0
mem_stacks_B=464
heap_tree=empty
#-----------
snapshot=66
#-----------
time=221
mem_heap_B=0
mem_heap_extra_B=0
mem_stacks_B=528
heap_tree=empty
#-----------
snapshot=67
#-----------
time=221
mem_heap_B=0
mem_heap_extra_B=0
mem_stacks_B=464
heap_tree=empty
#-----------
snapshot=68
#-----------
time=221
mem_heap_B=0
mem_heap_extra_B=0
mem_stacks_B=456
heap_tree=empty
#-----------
snapshot=69
#-----------
time=221
mem_heap_B=0
mem_heap_extra_B=0
mem_stacks_B=448
heap_tree=empty
#-----------
snapshot=70
#-----------
time=221
mem_heap_B=0
mem_heap_extra_B=0
mem_stacks_B=456
heap_tree=empty
#-----------
snapshot=71
#-----------
time=221
mem_heap_B=0
mem_heap_extra_B=0
mem_stacks_B=464
heap_tree=empty
#-----------
snapshot=72
#-----------
time=221
mem_heap_B=0
mem_heap_extra_B=0
mem_stacks_B=528
heap_tree=empty
#-----------
snapshot=73
#-----------
time=221
mem_heap_B=0
mem_heap_extra_B=0
mem_stacks_B=464
heap_tree=empty
#-----------
snapshot=74
#-----------
time=221
mem_heap_B=0
mem_heap_extra_B=0
mem_stacks_B=456
heap_tree=detailed
n1: 0 (heap allocation functions) malloc/new/new[], --alloc-fns, etc.
 n0: 0 in 1 place, below massif's threshold (1.00%)
#-----------
snapshot=75
#-----------
time=221
mem_heap_B=0
mem_heap_extra_B=0
mem_stacks_B=448
heap_tree=empty
#-----------
snapshot=76
#-----------
time=221
mem_heap_B=0
mem_heap_extra_B=0
mem_stacks_B=456
heap_tree=empty
#-----------
snapshot=77
#-----------
time=221
mem_heap_B=0
mem_heap_extra_B=0
mem_stacks_B=464
heap_tree=empty
#-----------
snapshot=78
#-----------
time=221
mem_heap_B=0
mem_heap_extra_B=0
mem_stacks_B=528
heap_tree=empty
#-----------
snapshot=79
#-----------
time=221
mem_heap_B=0
mem_heap_extra_B=0
mem_stacks_B=464
heap_tree=empty
#-----------
snapshot=80
#-----------
time=221
mem_heap_B=0
mem_heap_extra_B=0
mem_stacks_B=456
heap_tree=empty
#-----------
snapshot=81
#-----------
time=221
mem_heap_B=0
mem_heap_extra_B=0
mem_stacks_B=448
heap_tree=empty
#-----------
snapshot=82
#-----------
time=221
mem_heap_B=0
mem_heap_extra_B=0
mem_stacks_B=456
heap_tree=empty
#-----------
snapshot=83
#-----------
time=221
mem_heap_B=0
mem_heap_extra_B=0
mem_stacks_B=464
heap_tree=empty
#-----------
snapshot=84
#-----------
time=221
mem_heap_B=0
mem_heap_extra_B=0
mem_stacks_B=528
heap_tree=detailed
n1: 0 (heap allocation functions) malloc/new/new[], --alloc-fns, etc.
 n0: 0 in 1 place, below massif's threshold (1.00%)
#-----------
snapshot=85
#-----------
time=221
mem_heap_B=0
mem_heap_extra_B=0
mem_stacks_B=464
heap_tree=empty
#-----------
snapshot=86
#-----------
time=221
mem_heap_B=0
mem_heap_extra_B=0
mem_stacks_B=456
heap_tree=empty
#-----------
snapshot=87
#-----------
time=221
mem_heap_B=0
mem_heap_extra_B=0
mem_stacks_B=448
heap_tree=empty
#-----------
snapshot=88
#-----------
time=221
mem_heap_B=0
mem_heap_extra_B=0
mem_stacks_B=456
heap_tree=empty
#-----------
snapshot=89
#-----------
time=221
mem_heap_B=0
mem_heap_extra_B=0
mem_stacks_B=464
heap_tree=empty
#-----------
snapshot=90
#-----------
time=221
mem_heap_B=0
mem_heap_extra_B=0
mem_stacks_B=528
heap_tree=empty
#-----------
snapshot=91
#-----------
time=221
mem_heap_B=0
mem_heap_extra_B=0
mem_stacks_B=464
heap_tree=empty
#-----------
snapshot=92
#-----------
time=221
mem_heap_B=0
mem_heap_extra_B=0
mem_stacks_B=456
heap_tree=empty
#-----------
snapshot=93
#-----------
time=221
mem_heap_B=0
mem_heap_extra_B=0
mem_stacks_B=448
heap_tree=empty
#-----------
snapshot=94
#-----------
time=221
mem_heap_B=0
mem_heap_extra_B=0
mem_stacks_B=440
heap_tree=detailed
n1: 0 (heap allocation functions) malloc/new/new[], --alloc-fns, etc.
 n0: 0 in 1 place, below massif's threshold (1.00%)
#-----------
snapshot=95
#-----------
time=221
mem_heap_B=0
mem_heap_extra_B=0
mem_stacks_B=432
heap_tree=empty
#-----------
snapshot=96
#-----------
time=221
mem_heap_B=0
mem_heap_extra_B=0
mem_stacks_B=424
heap_tree=empty
#-----------
snapshot=97
#-----------
time=221
mem_heap_B=0
mem_heap_extra_B=0
mem_stacks_B=416
heap_tree=empty
